app/build/intermediates/manifest_merge_blame_file/debug/manifest-merger-blame-debug-report.txt
1<?xml version="1.0" encoding="utf-8"?>
2<manifest xmlns:android="http://schemas.android.com/apk/res/android"
3    package="ar.com.dariojolo.misnotas"
4    android:versionCode="1"
5    android:versionName="1.0" >
6
7    <uses-sdk
8        android:minSdkVersion="15"
8-->src/main/AndroidManifest.xml
9        android:targetSdkVersion="29" />
9-->src/main/AndroidManifest.xml
10
11    <application
11-->src/main/AndroidManifest.xml:5:5-26:19
12        android:allowBackup="true"
12-->src/main/AndroidManifest.xml:6:9-35
13        android:appComponentFactory="androidx.core.app.CoreComponentFactory"
13-->[androidx.core:core:1.1.0] AndroidManifest.xml:24:18-86
14        android:debuggable="true"
15        android:icon="@mipmap/ic_launcher"
15-->src/main/AndroidManifest.xml:7:9-43
16        android:label="@string/app_name"
16-->src/main/AndroidManifest.xml:8:9-41
17        android:roundIcon="@mipmap/ic_launcher_round"
17-->src/main/AndroidManifest.xml:9:9-54
18        android:supportsRtl="true"
18-->src/main/AndroidManifest.xml:10:9-35
19        android:testOnly="true"
20        android:theme="@style/AppTheme" >
20-->src/main/AndroidManifest.xml:11:9-40
21        <activity
21-->src/main/AndroidManifest.xml:12:9-16:67
22            android:name="ar.com.dariojolo.misnotas.DetailActivity"
22-->src/main/AndroidManifest.xml:13:13-43
23            android:label="@string/title_activity_detail"
23-->src/main/AndroidManifest.xml:14:13-58
24            android:parentActivityName="ar.com.dariojolo.misnotas.MainActivity"
24-->src/main/AndroidManifest.xml:16:13-55
25            android:theme="@style/AppTheme.NoActionBar" />
25-->src/main/AndroidManifest.xml:15:13-56
26        <activity
26-->src/main/AndroidManifest.xml:17:9-25:20
27            android:name="ar.com.dariojolo.misnotas.MainActivity"
27-->src/main/AndroidManifest.xml:18:13-41
28            android:label="@string/app_name" >
28-->src/main/AndroidManifest.xml:19:13-45
29            <intent-filter>
29-->src/main/AndroidManifest.xml:20:13-24:29
30                <action android:name="android.intent.action.MAIN" />
30-->src/main/AndroidManifest.xml:21:17-69
30-->src/main/AndroidManifest.xml:21:25-66
31
32                <category android:name="android.intent.category.LAUNCHER" />
32-->src/main/AndroidManifest.xml:23:17-77
32-->src/main/AndroidManifest.xml:23:27-74
33            </intent-filter>
34        </activity>
35
36        <provider
36-->[androidx.lifecycle:lifecycle-process:2.1.0] AndroidManifest.xml:23:9-27:43
37            android:name="androidx.lifecycle.ProcessLifecycleOwnerInitializer"
37-->[androidx.lifecycle:lifecycle-process:2.1.0] AndroidManifest.xml:24:13-79
38            android:authorities="ar.com.dariojolo.misnotas.lifecycle-process"
38-->[androidx.lifecycle:lifecycle-process:2.1.0] AndroidManifest.xml:25:13-69
39            android:exported="false"
39-->[androidx.lifecycle:lifecycle-process:2.1.0] AndroidManifest.xml:26:13-37
40            android:multiprocess="true" />
40-->[androidx.lifecycle:lifecycle-process:2.1.0] AndroidManifest.xml:27:13-40
41    </application>
42
43</manifest>